[2021-09-26 04:00:04Z INFO HostContext] No proxy settings were found based on environmental variables (http_proxy/https_proxy/HTTP_PROXY/HTTPS_PROXY)
[2021-09-26 04:00:04Z INFO HostContext] Well known directory 'Bin': 'C:\Users\pryam\Desktop\projects\DTS\fp\dts-cicd\actions-runner\bin'
[2021-09-26 04:00:04Z INFO HostContext] Well known directory 'Root': 'C:\Users\pryam\Desktop\projects\DTS\fp\dts-cicd\actions-runner'
[2021-09-26 04:00:04Z INFO HostContext] Well known config file 'Credentials': 'C:\Users\pryam\Desktop\projects\DTS\fp\dts-cicd\actions-runner\.credentials'
[2021-09-26 04:00:04Z INFO Listener] Runner is built for Windows (X64) - win-x64.
[2021-09-26 04:00:04Z INFO Listener] RuntimeInformation: Microsoft Windows 10.0.19043.
[2021-09-26 04:00:04Z INFO Listener] Version: 2.283.1
[2021-09-26 04:00:04Z INFO Listener] Commit: e6baf0d2755bc747d0eb58f24941e273d16c6524
[2021-09-26 04:00:04Z INFO Listener] Culture: en-US
[2021-09-26 04:00:04Z INFO Listener] UI Culture: en-US
[2021-09-26 04:00:04Z INFO HostContext] Well known directory 'Bin': 'C:\Users\pryam\Desktop\projects\DTS\fp\dts-cicd\actions-runner\bin'
[2021-09-26 04:00:04Z INFO HostContext] Well known directory 'Root': 'C:\Users\pryam\Desktop\projects\DTS\fp\dts-cicd\actions-runner'
[2021-09-26 04:00:04Z INFO Listener] Validating directory permissions for: 'C:\Users\pryam\Desktop\projects\DTS\fp\dts-cicd\actions-runner'
[2021-09-26 04:00:04Z INFO CommandLineParser] Parse
[2021-09-26 04:00:04Z INFO CommandLineParser] Parsing 1 args
[2021-09-26 04:00:04Z INFO CommandLineParser] parsing argument
[2021-09-26 04:00:04Z INFO CommandLineParser] HasArgs: False
[2021-09-26 04:00:04Z INFO CommandLineParser] Adding Command: run
[2021-09-26 04:00:04Z INFO Listener] Arguments parsed
[2021-09-26 04:00:04Z INFO Runner] ExecuteCommand
[2021-09-26 04:00:04Z INFO ConfigurationStore] currentAssemblyLocation: C:\Users\pryam\Desktop\projects\DTS\fp\dts-cicd\actions-runner\bin\Runner.Listener.dll
[2021-09-26 04:00:04Z INFO HostContext] Well known directory 'Bin': 'C:\Users\pryam\Desktop\projects\DTS\fp\dts-cicd\actions-runner\bin'
[2021-09-26 04:00:04Z INFO ConfigurationStore] binPath: C:\Users\pryam\Desktop\projects\DTS\fp\dts-cicd\actions-runner\bin
[2021-09-26 04:00:04Z INFO HostContext] Well known directory 'Bin': 'C:\Users\pryam\Desktop\projects\DTS\fp\dts-cicd\actions-runner\bin'
[2021-09-26 04:00:04Z INFO HostContext] Well known directory 'Root': 'C:\Users\pryam\Desktop\projects\DTS\fp\dts-cicd\actions-runner'
[2021-09-26 04:00:04Z INFO ConfigurationStore] RootFolder: C:\Users\pryam\Desktop\projects\DTS\fp\dts-cicd\actions-runner
[2021-09-26 04:00:04Z INFO HostContext] Well known directory 'Bin': 'C:\Users\pryam\Desktop\projects\DTS\fp\dts-cicd\actions-runner\bin'
[2021-09-26 04:00:04Z INFO HostContext] Well known directory 'Root': 'C:\Users\pryam\Desktop\projects\DTS\fp\dts-cicd\actions-runner'
[2021-09-26 04:00:04Z INFO HostContext] Well known config file 'Runner': 'C:\Users\pryam\Desktop\projects\DTS\fp\dts-cicd\actions-runner\.runner'
[2021-09-26 04:00:04Z INFO ConfigurationStore] ConfigFilePath: C:\Users\pryam\Desktop\projects\DTS\fp\dts-cicd\actions-runner\.runner
[2021-09-26 04:00:04Z INFO HostContext] Well known directory 'Bin': 'C:\Users\pryam\Desktop\projects\DTS\fp\dts-cicd\actions-runner\bin'
[2021-09-26 04:00:04Z INFO HostContext] Well known directory 'Root': 'C:\Users\pryam\Desktop\projects\DTS\fp\dts-cicd\actions-runner'
[2021-09-26 04:00:04Z INFO HostContext] Well known config file 'Credentials': 'C:\Users\pryam\Desktop\projects\DTS\fp\dts-cicd\actions-runner\.credentials'
[2021-09-26 04:00:04Z INFO ConfigurationStore] CredFilePath: C:\Users\pryam\Desktop\projects\DTS\fp\dts-cicd\actions-runner\.credentials
[2021-09-26 04:00:04Z INFO HostContext] Well known directory 'Bin': 'C:\Users\pryam\Desktop\projects\DTS\fp\dts-cicd\actions-runner\bin'
[2021-09-26 04:00:04Z INFO HostContext] Well known directory 'Root': 'C:\Users\pryam\Desktop\projects\DTS\fp\dts-cicd\actions-runner'
[2021-09-26 04:00:04Z INFO HostContext] Well known config file 'MigratedCredentials': 'C:\Users\pryam\Desktop\projects\DTS\fp\dts-cicd\actions-runner\.credentials_migrated'
[2021-09-26 04:00:04Z INFO ConfigurationStore] MigratedCredFilePath: C:\Users\pryam\Desktop\projects\DTS\fp\dts-cicd\actions-runner\.credentials_migrated
[2021-09-26 04:00:04Z INFO HostContext] Well known directory 'Bin': 'C:\Users\pryam\Desktop\projects\DTS\fp\dts-cicd\actions-runner\bin'
[2021-09-26 04:00:04Z INFO HostContext] Well known directory 'Root': 'C:\Users\pryam\Desktop\projects\DTS\fp\dts-cicd\actions-runner'
[2021-09-26 04:00:04Z INFO HostContext] Well known config file 'Service': 'C:\Users\pryam\Desktop\projects\DTS\fp\dts-cicd\actions-runner\.service'
[2021-09-26 04:00:04Z INFO ConfigurationStore] ServiceConfigFilePath: C:\Users\pryam\Desktop\projects\DTS\fp\dts-cicd\actions-runner\.service
[2021-09-26 04:00:04Z INFO CommandSettings] Flag 'help': 'False'
[2021-09-26 04:00:04Z INFO CommandSettings] Flag 'version': 'False'
[2021-09-26 04:00:04Z INFO CommandSettings] Flag 'commit': 'False'
[2021-09-26 04:00:04Z INFO CommandSettings] Flag 'check': 'False'
[2021-09-26 04:00:04Z INFO CommandSettings] Command 'configure': 'False'
[2021-09-26 04:00:04Z INFO CommandSettings] Command 'remove': 'False'
[2021-09-26 04:00:04Z INFO CommandSettings] Command 'warmup': 'False'
[2021-09-26 04:00:04Z INFO ConfigurationManager] LoadSettings
[2021-09-26 04:00:04Z INFO ConfigurationStore] IsConfigured()
[2021-09-26 04:00:04Z INFO ConfigurationStore] IsConfigured: True
[2021-09-26 04:00:04Z INFO ConfigurationManager] Is configured: True
[2021-09-26 04:00:04Z INFO ConfigurationStore] Read setting file: 296 chars
[2021-09-26 04:00:04Z INFO ConfigurationManager] Settings Loaded
[2021-09-26 04:00:04Z INFO ConfigurationStore] IsServiceConfigured()
[2021-09-26 04:00:04Z INFO ConfigurationStore] IsServiceConfigured: False
[2021-09-26 04:00:04Z INFO CommandSettings] Command 'run': 'True'
[2021-09-26 04:00:04Z INFO ConfigurationStore] IsConfigured()
[2021-09-26 04:00:04Z INFO ConfigurationStore] IsConfigured: True
[2021-09-26 04:00:04Z INFO ConfigurationManager] Is configured: True
[2021-09-26 04:00:04Z INFO Runner] Could not parse the argument value '' for StartupType. Defaulting to Manual
[2021-09-26 04:00:04Z INFO Runner] Set runner startup type - Manual
[2021-09-26 04:00:04Z INFO CommandSettings] Flag 'once': 'False'
[2021-09-26 04:00:04Z INFO Runner] RunAsync
[2021-09-26 04:00:04Z INFO ConfigurationManager] LoadSettings
[2021-09-26 04:00:04Z INFO ConfigurationStore] IsConfigured()
[2021-09-26 04:00:04Z INFO ConfigurationStore] IsConfigured: True
[2021-09-26 04:00:04Z INFO ConfigurationManager] Is configured: True
[2021-09-26 04:00:04Z INFO ConfigurationManager] Settings Loaded
[2021-09-26 04:00:04Z INFO MessageListener] {
  "AgentId": 21,
  "AgentName": "DESKTOP-OUT3CB4",
  "PoolId": 1,
  "PoolName": "Default",
  "ServerUrl": "https://pipelines.actions.githubusercontent.com/43597MhsJls17JzzOwaiI2ffU3FCLz0ZiU7WIojEjmqWJLaI7A",
  "GitHubUrl": "https://github.com/pryamm/dts-cicd",
  "WorkFolder": "_work"
}
[2021-09-26 04:00:04Z INFO MessageListener] Loading Credentials
[2021-09-26 04:00:04Z INFO ConfigurationStore] HasCredentials()
[2021-09-26 04:00:04Z INFO ConfigurationStore] stored True
[2021-09-26 04:00:04Z INFO CredentialManager] GetCredentialProvider
[2021-09-26 04:00:04Z INFO CredentialManager] Creating type OAuth
[2021-09-26 04:00:04Z INFO CredentialManager] Creating credential type: OAuth
[2021-09-26 04:00:04Z INFO HostContext] Well known directory 'Bin': 'C:\Users\pryam\Desktop\projects\DTS\fp\dts-cicd\actions-runner\bin'
[2021-09-26 04:00:04Z INFO HostContext] Well known directory 'Root': 'C:\Users\pryam\Desktop\projects\DTS\fp\dts-cicd\actions-runner'
[2021-09-26 04:00:04Z INFO HostContext] Well known config file 'RSACredentials': 'C:\Users\pryam\Desktop\projects\DTS\fp\dts-cicd\actions-runner\.credentials_rsaparams'
[2021-09-26 04:00:04Z INFO RSAEncryptedFileKeyManager] Loading RSA key parameters from file C:\Users\pryam\Desktop\projects\DTS\fp\dts-cicd\actions-runner\.credentials_rsaparams
[2021-09-26 04:00:04Z INFO MessageListener] Attempt to create session.
[2021-09-26 04:00:04Z INFO MessageListener] Connecting to the Runner Server...
[2021-09-26 04:00:04Z INFO RunnerServer] Establish connection with 100 seconds timeout.
[2021-09-26 04:00:04Z INFO GitHubActionsService] Starting operation Location.GetConnectionData
[2021-09-26 04:00:05Z INFO RunnerServer] Establish connection with 60 seconds timeout.
[2021-09-26 04:00:05Z INFO GitHubActionsService] Starting operation Location.GetConnectionData
[2021-09-26 04:00:05Z INFO RunnerServer] Establish connection with 60 seconds timeout.
[2021-09-26 04:00:05Z INFO GitHubActionsService] Starting operation Location.GetConnectionData
[2021-09-26 04:00:06Z INFO GitHubActionsService] Finished operation Location.GetConnectionData
[2021-09-26 04:00:07Z INFO GitHubActionsService] Finished operation Location.GetConnectionData
[2021-09-26 04:00:07Z INFO GitHubActionsService] Finished operation Location.GetConnectionData
[2021-09-26 04:00:07Z INFO MessageListener] VssConnection created
[2021-09-26 04:00:07Z INFO Terminal] WRITE LINE: 
[2021-09-26 04:00:07Z INFO Terminal] WRITE LINE: 
[2021-09-26 04:00:07Z WARN GitHubActionsService] Authentication failed with status code 401.
WWW-Authenticate: Bearer
Strict-Transport-Security: max-age=2592000
X-TFS-ProcessId: ffbe1019-b00a-41e1-a278-b78c4c8799ca
ActivityId: 1abfacb0-ff78-4956-87fc-f27c94b8a4d8
X-TFS-Session: d168ad83-b3b7-476a-b32e-813b70939bc5
X-VSS-E2EID: 4f54cd11-665a-438a-896b-bb99049f71fd
X-VSS-SenderDeploymentId: 6074703f-c195-632a-bd61-21691fc86fa5
X-TFS-ServiceError: The+user+%27System%3aPublicAccess%3baaaaaaaa-aaaa-aaaa-aaaa-aaaaaaaaaaaa%27+is+not+authorized+to+access+this+resource.
X-VSS-S2STargetService: 0000005A-0000-8888-8000-000000000000/visualstudio.com
X-Cache: CONFIG_NOCACHE
X-MSEdge-Ref: Ref A: B35CE09C524844BF8077F61BC017DF8C Ref B: SGEEDGE0609 Ref C: 2021-09-26T04:00:09Z
Date: Sun, 26 Sep 2021 04:00:09 GMT

[2021-09-26 04:00:07Z INFO RSAEncryptedFileKeyManager] Loading RSA key parameters from file C:\Users\pryam\Desktop\projects\DTS\fp\dts-cicd\actions-runner\.credentials_rsaparams
[2021-09-26 04:00:07Z INFO RSAEncryptedFileKeyManager] Loading RSA key parameters from file C:\Users\pryam\Desktop\projects\DTS\fp\dts-cicd\actions-runner\.credentials_rsaparams
[2021-09-26 04:00:07Z INFO GitHubActionsService] AAD Correlation ID for this token request: Unknown
[2021-09-26 04:00:08Z INFO MessageListener] Session created.
[2021-09-26 04:00:08Z INFO Terminal] WRITE LINE: 2021-09-26 04:00:08Z: Listening for Jobs
[2021-09-26 04:00:08Z INFO JobDispatcher] Set runner/worker IPC timeout to 30 seconds.
