[2021-09-26 03:58:07Z INFO HostContext] No proxy settings were found based on environmental variables (http_proxy/https_proxy/HTTP_PROXY/HTTPS_PROXY)
[2021-09-26 03:58:07Z INFO HostContext] Well known directory 'Bin': 'C:\Users\pryam\Desktop\projects\DTS\fp\dts-cicd\actions-runner\bin'
[2021-09-26 03:58:07Z INFO HostContext] Well known directory 'Root': 'C:\Users\pryam\Desktop\projects\DTS\fp\dts-cicd\actions-runner'
[2021-09-26 03:58:07Z INFO HostContext] Well known config file 'Credentials': 'C:\Users\pryam\Desktop\projects\DTS\fp\dts-cicd\actions-runner\.credentials'
[2021-09-26 03:58:07Z INFO Listener] Runner is built for Windows (X64) - win-x64.
[2021-09-26 03:58:07Z INFO Listener] RuntimeInformation: Microsoft Windows 10.0.19043.
[2021-09-26 03:58:07Z INFO Listener] Version: 2.283.1
[2021-09-26 03:58:07Z INFO Listener] Commit: e6baf0d2755bc747d0eb58f24941e273d16c6524
[2021-09-26 03:58:07Z INFO Listener] Culture: en-US
[2021-09-26 03:58:07Z INFO Listener] UI Culture: en-US
[2021-09-26 03:58:07Z INFO HostContext] Well known directory 'Bin': 'C:\Users\pryam\Desktop\projects\DTS\fp\dts-cicd\actions-runner\bin'
[2021-09-26 03:58:07Z INFO HostContext] Well known directory 'Root': 'C:\Users\pryam\Desktop\projects\DTS\fp\dts-cicd\actions-runner'
[2021-09-26 03:58:07Z INFO Listener] Validating directory permissions for: 'C:\Users\pryam\Desktop\projects\DTS\fp\dts-cicd\actions-runner'
[2021-09-26 03:58:07Z INFO CommandLineParser] Parse
[2021-09-26 03:58:07Z INFO CommandLineParser] Parsing 5 args
[2021-09-26 03:58:07Z INFO CommandLineParser] parsing argument
[2021-09-26 03:58:07Z INFO CommandLineParser] HasArgs: False
[2021-09-26 03:58:07Z INFO CommandLineParser] Adding Command: configure
[2021-09-26 03:58:07Z INFO CommandLineParser] parsing argument
[2021-09-26 03:58:07Z INFO CommandLineParser] HasArgs: True
[2021-09-26 03:58:07Z INFO CommandLineParser] arg: url
[2021-09-26 03:58:07Z INFO CommandLineParser] parsing argument
[2021-09-26 03:58:07Z INFO CommandLineParser] HasArgs: True
[2021-09-26 03:58:07Z INFO CommandLineParser] Adding option 'url': 'https://github.com/pryamm/dts-cicd'
[2021-09-26 03:58:07Z INFO CommandLineParser] parsing argument
[2021-09-26 03:58:07Z INFO CommandLineParser] HasArgs: True
[2021-09-26 03:58:07Z INFO CommandLineParser] arg: token
[2021-09-26 03:58:07Z INFO CommandLineParser] parsing argument
[2021-09-26 03:58:07Z INFO CommandLineParser] HasArgs: True
[2021-09-26 03:58:07Z INFO CommandLineParser] Adding option 'token': '***'
[2021-09-26 03:58:07Z INFO Listener] Arguments parsed
[2021-09-26 03:58:07Z INFO Runner] ExecuteCommand
[2021-09-26 03:58:07Z INFO ConfigurationStore] currentAssemblyLocation: C:\Users\pryam\Desktop\projects\DTS\fp\dts-cicd\actions-runner\bin\Runner.Listener.dll
[2021-09-26 03:58:07Z INFO HostContext] Well known directory 'Bin': 'C:\Users\pryam\Desktop\projects\DTS\fp\dts-cicd\actions-runner\bin'
[2021-09-26 03:58:07Z INFO ConfigurationStore] binPath: C:\Users\pryam\Desktop\projects\DTS\fp\dts-cicd\actions-runner\bin
[2021-09-26 03:58:07Z INFO HostContext] Well known directory 'Bin': 'C:\Users\pryam\Desktop\projects\DTS\fp\dts-cicd\actions-runner\bin'
[2021-09-26 03:58:07Z INFO HostContext] Well known directory 'Root': 'C:\Users\pryam\Desktop\projects\DTS\fp\dts-cicd\actions-runner'
[2021-09-26 03:58:07Z INFO ConfigurationStore] RootFolder: C:\Users\pryam\Desktop\projects\DTS\fp\dts-cicd\actions-runner
[2021-09-26 03:58:07Z INFO HostContext] Well known directory 'Bin': 'C:\Users\pryam\Desktop\projects\DTS\fp\dts-cicd\actions-runner\bin'
[2021-09-26 03:58:07Z INFO HostContext] Well known directory 'Root': 'C:\Users\pryam\Desktop\projects\DTS\fp\dts-cicd\actions-runner'
[2021-09-26 03:58:07Z INFO HostContext] Well known config file 'Runner': 'C:\Users\pryam\Desktop\projects\DTS\fp\dts-cicd\actions-runner\.runner'
[2021-09-26 03:58:07Z INFO ConfigurationStore] ConfigFilePath: C:\Users\pryam\Desktop\projects\DTS\fp\dts-cicd\actions-runner\.runner
[2021-09-26 03:58:07Z INFO HostContext] Well known directory 'Bin': 'C:\Users\pryam\Desktop\projects\DTS\fp\dts-cicd\actions-runner\bin'
[2021-09-26 03:58:07Z INFO HostContext] Well known directory 'Root': 'C:\Users\pryam\Desktop\projects\DTS\fp\dts-cicd\actions-runner'
[2021-09-26 03:58:07Z INFO HostContext] Well known config file 'Credentials': 'C:\Users\pryam\Desktop\projects\DTS\fp\dts-cicd\actions-runner\.credentials'
[2021-09-26 03:58:07Z INFO ConfigurationStore] CredFilePath: C:\Users\pryam\Desktop\projects\DTS\fp\dts-cicd\actions-runner\.credentials
[2021-09-26 03:58:07Z INFO HostContext] Well known directory 'Bin': 'C:\Users\pryam\Desktop\projects\DTS\fp\dts-cicd\actions-runner\bin'
[2021-09-26 03:58:07Z INFO HostContext] Well known directory 'Root': 'C:\Users\pryam\Desktop\projects\DTS\fp\dts-cicd\actions-runner'
[2021-09-26 03:58:07Z INFO HostContext] Well known config file 'MigratedCredentials': 'C:\Users\pryam\Desktop\projects\DTS\fp\dts-cicd\actions-runner\.credentials_migrated'
[2021-09-26 03:58:07Z INFO ConfigurationStore] MigratedCredFilePath: C:\Users\pryam\Desktop\projects\DTS\fp\dts-cicd\actions-runner\.credentials_migrated
[2021-09-26 03:58:07Z INFO HostContext] Well known directory 'Bin': 'C:\Users\pryam\Desktop\projects\DTS\fp\dts-cicd\actions-runner\bin'
[2021-09-26 03:58:07Z INFO HostContext] Well known directory 'Root': 'C:\Users\pryam\Desktop\projects\DTS\fp\dts-cicd\actions-runner'
[2021-09-26 03:58:07Z INFO HostContext] Well known config file 'Service': 'C:\Users\pryam\Desktop\projects\DTS\fp\dts-cicd\actions-runner\.service'
[2021-09-26 03:58:07Z INFO ConfigurationStore] ServiceConfigFilePath: C:\Users\pryam\Desktop\projects\DTS\fp\dts-cicd\actions-runner\.service
[2021-09-26 03:58:07Z INFO CommandSettings] Flag 'help': 'False'
[2021-09-26 03:58:07Z INFO CommandSettings] Flag 'version': 'False'
[2021-09-26 03:58:07Z INFO CommandSettings] Flag 'commit': 'False'
[2021-09-26 03:58:07Z INFO CommandSettings] Flag 'check': 'False'
[2021-09-26 03:58:07Z INFO CommandSettings] Command 'configure': 'True'
[2021-09-26 03:58:07Z INFO Terminal] WRITE LINE: 
[2021-09-26 03:58:07Z INFO Terminal] WRITE LINE: --------------------------------------------------------------------------------
[2021-09-26 03:58:07Z INFO Terminal] WRITE LINE: |        ____ _ _   _   _       _          _        _   _                      |
[2021-09-26 03:58:07Z INFO Terminal] WRITE LINE: |       / ___(_) |_| | | |_   _| |__      / \   ___| |_(_) ___  _ __  ___      |
[2021-09-26 03:58:07Z INFO Terminal] WRITE LINE: |      | |  _| | __| |_| | | | | '_ \    / _ \ / __| __| |/ _ \| '_ \/ __|     |
[2021-09-26 03:58:07Z INFO Terminal] WRITE LINE: |      | |_| | | |_|  _  | |_| | |_) |  / ___ \ (__| |_| | (_) | | | \__ \     |
[2021-09-26 03:58:07Z INFO Terminal] WRITE LINE: |       \____|_|\__|_| |_|\__,_|_.__/  /_/   \_\___|\__|_|\___/|_| |_|___/     |
[2021-09-26 03:58:07Z INFO Terminal] WRITE LINE: |                                                                              |
[2021-09-26 03:58:07Z INFO Terminal] WRITE: |                       
[2021-09-26 03:58:07Z INFO Terminal] WRITE: Self-hosted runner registration
[2021-09-26 03:58:07Z INFO Terminal] WRITE LINE:                         |
[2021-09-26 03:58:07Z INFO Terminal] WRITE LINE: |                                                                              |
[2021-09-26 03:58:07Z INFO Terminal] WRITE LINE: --------------------------------------------------------------------------------
[2021-09-26 03:58:07Z INFO ConfigurationManager] ConfigureAsync
[2021-09-26 03:58:07Z INFO ConfigurationStore] IsConfigured()
[2021-09-26 03:58:07Z INFO ConfigurationStore] IsConfigured: False
[2021-09-26 03:58:07Z INFO ConfigurationManager] Is configured: False
[2021-09-26 03:58:07Z INFO CommandSettings] Arg 'url': 'https://github.com/pryamm/dts-cicd'
[2021-09-26 03:58:07Z INFO CommandSettings] Remove url from Arg dictionary.
[2021-09-26 03:58:07Z INFO CommandSettings] Arg 'token': '***'
[2021-09-26 03:58:07Z INFO CommandSettings] Remove token from Arg dictionary.
[2021-09-26 03:58:08Z INFO ConfigurationManager] Http response code: OK from 'POST https://api.github.com/actions/runner-registration'
[2021-09-26 03:58:08Z INFO ConfigurationManager] cred retrieved via GitHub auth
[2021-09-26 03:58:08Z INFO RunnerServer] Establish connection with 100 seconds timeout.
[2021-09-26 03:58:08Z INFO GitHubActionsService] Starting operation Location.GetConnectionData
[2021-09-26 03:58:08Z INFO RunnerServer] Establish connection with 60 seconds timeout.
[2021-09-26 03:58:08Z INFO GitHubActionsService] Starting operation Location.GetConnectionData
[2021-09-26 03:58:08Z INFO RunnerServer] Establish connection with 60 seconds timeout.
[2021-09-26 03:58:08Z INFO GitHubActionsService] Starting operation Location.GetConnectionData
[2021-09-26 03:58:09Z INFO GitHubActionsService] Finished operation Location.GetConnectionData
[2021-09-26 03:58:09Z INFO GitHubActionsService] Finished operation Location.GetConnectionData
[2021-09-26 03:58:09Z INFO GitHubActionsService] Finished operation Location.GetConnectionData
[2021-09-26 03:58:09Z INFO Terminal] WRITE LINE: 
[2021-09-26 03:58:09Z INFO ConfigurationManager] Test Connection complete.
[2021-09-26 03:58:09Z INFO HostContext] Well known directory 'Bin': 'C:\Users\pryam\Desktop\projects\DTS\fp\dts-cicd\actions-runner\bin'
[2021-09-26 03:58:09Z INFO HostContext] Well known directory 'Root': 'C:\Users\pryam\Desktop\projects\DTS\fp\dts-cicd\actions-runner'
[2021-09-26 03:58:09Z INFO HostContext] Well known config file 'RSACredentials': 'C:\Users\pryam\Desktop\projects\DTS\fp\dts-cicd\actions-runner\.credentials_rsaparams'
[2021-09-26 03:58:09Z INFO RSAEncryptedFileKeyManager] Creating new RSA key using 2048-bit key length
[2021-09-26 03:58:10Z INFO RSAEncryptedFileKeyManager] Successfully saved RSA key parameters to file C:\Users\pryam\Desktop\projects\DTS\fp\dts-cicd\actions-runner\.credentials_rsaparams
[2021-09-26 03:58:10Z INFO CommandSettings] Arg 'runnergroup': ''
[2021-09-26 03:58:10Z INFO CommandSettings] Flag 'unattended': 'False'
[2021-09-26 03:58:10Z INFO PromptManager] ReadValue
[2021-09-26 03:58:10Z INFO Terminal] WRITE: Enter the name of the runner group to add this runner to: 
[2021-09-26 03:58:10Z INFO Terminal] WRITE: [press Enter for Default] 
[2021-09-26 03:58:10Z INFO Terminal] READ LINE
[2021-09-26 03:58:29Z INFO Terminal] Read value: ''
[2021-09-26 03:58:29Z INFO PromptManager] Falling back to the default: 'Default'
[2021-09-26 03:58:29Z INFO Terminal] WRITE LINE: 
[2021-09-26 03:58:29Z INFO ConfigurationManager] Found a self-hosted runner group with id 1 and name Default
[2021-09-26 03:58:29Z INFO CommandSettings] Flag 'ephemeral': 'False'
[2021-09-26 03:58:29Z INFO CommandSettings] Arg 'name': ''
[2021-09-26 03:58:29Z INFO CommandSettings] Flag 'unattended': 'False'
[2021-09-26 03:58:29Z INFO PromptManager] ReadValue
[2021-09-26 03:58:29Z INFO Terminal] WRITE: Enter the name of runner: 
[2021-09-26 03:58:29Z INFO Terminal] WRITE: [press Enter for DESKTOP-OUT3CB4] 
[2021-09-26 03:58:29Z INFO Terminal] READ LINE
[2021-09-26 03:58:31Z INFO Terminal] Read value: ''
[2021-09-26 03:58:31Z INFO PromptManager] Falling back to the default: 'DESKTOP-OUT3CB4'
[2021-09-26 03:58:31Z INFO Terminal] WRITE LINE: 
[2021-09-26 03:58:31Z INFO CommandSettings] Arg 'labels': ''
[2021-09-26 03:58:31Z INFO CommandSettings] Flag 'unattended': 'False'
[2021-09-26 03:58:31Z INFO PromptManager] ReadValue
[2021-09-26 03:58:31Z INFO Terminal] WRITE: This runner will have the following labels: 'self-hosted', 'Windows', 'X64' 
Enter any additional labels (ex. label-1,label-2): 
[2021-09-26 03:58:31Z INFO Terminal] WRITE: [press Enter to skip] 
[2021-09-26 03:58:31Z INFO Terminal] READ LINE
[2021-09-26 03:58:38Z INFO Terminal] Read value: ''
[2021-09-26 03:58:38Z INFO Terminal] WRITE LINE: 
[2021-09-26 03:58:39Z INFO ConfigurationStore] Saving OAuth credential @ C:\Users\pryam\Desktop\projects\DTS\fp\dts-cicd\actions-runner\.credentials
[2021-09-26 03:58:39Z INFO ConfigurationStore] Credentials Saved.
[2021-09-26 03:58:39Z INFO ConfigurationStore] HasCredentials()
[2021-09-26 03:58:39Z INFO ConfigurationStore] stored True
[2021-09-26 03:58:39Z INFO CredentialManager] GetCredentialProvider
[2021-09-26 03:58:39Z INFO CredentialManager] Creating type OAuth
[2021-09-26 03:58:39Z INFO CredentialManager] Creating credential type: OAuth
[2021-09-26 03:58:39Z INFO RSAEncryptedFileKeyManager] Loading RSA key parameters from file C:\Users\pryam\Desktop\projects\DTS\fp\dts-cicd\actions-runner\.credentials_rsaparams
[2021-09-26 03:58:39Z INFO RunnerServer] Establish connection with 100 seconds timeout.
[2021-09-26 03:58:39Z INFO GitHubActionsService] Starting operation Location.GetConnectionData
[2021-09-26 03:58:39Z INFO RunnerServer] Establish connection with 60 seconds timeout.
[2021-09-26 03:58:39Z INFO GitHubActionsService] Starting operation Location.GetConnectionData
[2021-09-26 03:58:39Z INFO RunnerServer] Establish connection with 60 seconds timeout.
[2021-09-26 03:58:39Z INFO GitHubActionsService] Starting operation Location.GetConnectionData
[2021-09-26 03:58:39Z INFO GitHubActionsService] Finished operation Location.GetConnectionData
[2021-09-26 03:58:39Z INFO GitHubActionsService] Finished operation Location.GetConnectionData
[2021-09-26 03:58:39Z INFO GitHubActionsService] Finished operation Location.GetConnectionData
[2021-09-26 03:58:40Z WARN GitHubActionsService] Authentication failed with status code 401.
WWW-Authenticate: Bearer
Strict-Transport-Security: max-age=2592000
X-TFS-ProcessId: 2ab9e30f-2e96-435b-b256-5f71a9f56711
ActivityId: 467a4992-9846-41ff-9c89-b8b92633446c
X-TFS-Session: 3bd1c262-c21f-4016-86f2-fa2f1f7192c1
X-VSS-E2EID: 98aed02a-16f0-41c6-ae3f-00a1df47be60
X-VSS-SenderDeploymentId: 6074703f-c195-632a-bd61-21691fc86fa5
X-TFS-ServiceError: The+user+%27System%3aPublicAccess%3baaaaaaaa-aaaa-aaaa-aaaa-aaaaaaaaaaaa%27+is+not+authorized+to+access+this+resource.
X-VSS-S2STargetService: 0000005A-0000-8888-8000-000000000000/visualstudio.com
X-Cache: CONFIG_NOCACHE
X-MSEdge-Ref: Ref A: 7B319326799E447D93220744ECCC6E9B Ref B: SGEEDGE0515 Ref C: 2021-09-26T03:58:41Z
Date: Sun, 26 Sep 2021 03:58:41 GMT

[2021-09-26 03:58:40Z INFO RSAEncryptedFileKeyManager] Loading RSA key parameters from file C:\Users\pryam\Desktop\projects\DTS\fp\dts-cicd\actions-runner\.credentials_rsaparams
[2021-09-26 03:58:40Z INFO RSAEncryptedFileKeyManager] Loading RSA key parameters from file C:\Users\pryam\Desktop\projects\DTS\fp\dts-cicd\actions-runner\.credentials_rsaparams
[2021-09-26 03:58:41Z INFO GitHubActionsService] AAD Correlation ID for this token request: Unknown
[2021-09-26 03:58:41Z INFO CommandSettings] Arg 'work': ''
[2021-09-26 03:58:41Z INFO CommandSettings] Flag 'unattended': 'False'
[2021-09-26 03:58:41Z INFO PromptManager] ReadValue
[2021-09-26 03:58:41Z INFO Terminal] WRITE: Enter name of work folder: 
[2021-09-26 03:58:41Z INFO Terminal] WRITE: [press Enter for _work] 
[2021-09-26 03:58:41Z INFO Terminal] READ LINE
[2021-09-26 03:58:44Z INFO Terminal] Read value: ''
[2021-09-26 03:58:44Z INFO PromptManager] Falling back to the default: '_work'
[2021-09-26 03:58:44Z INFO ConfigurationStore] Saving runner settings.
[2021-09-26 03:58:44Z INFO ConfigurationStore] Settings Saved.
[2021-09-26 03:58:44Z INFO Terminal] WRITE LINE: 
[2021-09-26 03:58:44Z INFO Terminal] WRITE LINE: 
[2021-09-26 03:58:44Z INFO CommandSettings] Flag 'runasservice': 'False'
[2021-09-26 03:58:44Z INFO CommandSettings] Flag 'unattended': 'False'
[2021-09-26 03:58:44Z INFO PromptManager] ReadValue
[2021-09-26 03:58:44Z INFO Terminal] WRITE: Would you like to run the runner as service? (Y/N) 
[2021-09-26 03:58:44Z INFO Terminal] WRITE: [press Enter for N] 
[2021-09-26 03:58:44Z INFO Terminal] READ LINE
[2021-09-26 03:58:49Z INFO Terminal] Read value: ''
[2021-09-26 03:58:49Z INFO PromptManager] Falling back to the default: 'N'
[2021-09-26 03:58:49Z INFO Listener] Runner execution has finished with return code 0
